2025-08-25 15:52:46 [INFO]: バッチ処理のスケジュールを設定しました。1分ごとに実行されます...
2025-08-25 15:53:00 [INFO]: スケジュールされたタスクを実行します...
2025-08-25 15:53:00 [INFO]: --- 2025/8/25 15:53:00 バッチ処理を開始します ---
2025-08-25 15:53:00 [INFO]: [MAIN]前営業日の日付を計算します...
2025-08-25 15:53:00 [INFO]: [MAIN] 2025年08月22日時点のファイルをダウンロードします: https://www.mhlw.go.jp/content/10800000/250822iyakuhinkyoukyu.xlsx
2025-08-25 15:53:00 [INFO]: [MAIN] ファイルの解析を開始します...
2025-08-25 15:53:02 [INFO]: [PARSER] データが入力されていない空の行を 180件削除しました。
2025-08-25 15:53:02 [INFO]: [PARSER] 重複チェック:重複したYJコードはありませんでした。
2025-08-25 15:53:02 [INFO]: [PARSER] YJコードが空のため、2件のデータを除外しました。
2025-08-25 15:53:02 [INFO]: [MAIN] 解析完了。処理対象データ: 16801件
2025-08-25 15:53:02 [INFO]: [MAIN] Spannerへのデータ投入処理を開始します...
2025-08-25 15:53:02 [INFO]: [SPANNAR] 処理タイムスタンプ: 2025-08-25T06:53:02.437Z
2025-08-25 15:53:02 [INFO]: [SPANNAR] 16801件のデータを投入します...
2025-08-25 15:53:08 [INFO]: [SPANNAR] データの投入が完了しました。
2025-08-25 15:53:08 [INFO]: [SPANNAR] 古いデータのクリーンアップを開始します...
2025-08-25 15:53:09 [INFO]: [SPANNAR] 0件の古いデータを削除しました。
2025-08-25 15:53:09 [INFO]: [SPANNAR] データベース接続を閉じました。
2025-08-25 15:53:09 [INFO]: --- 2025/8/25 15:53:09 バッチ処理が正常に完了しました ---
2025-08-25 15:54:00 [INFO]: スケジュールされたタスクを実行します...
2025-08-25 15:54:00 [INFO]: --- 2025/8/25 15:54:00 バッチ処理を開始します ---
2025-08-25 15:54:00 [INFO]: [MAIN]前営業日の日付を計算します...
2025-08-25 15:54:00 [INFO]: [MAIN] 2025年08月22日時点のファイルをダウンロードします: https://www.mhlw.go.jp/content/10800000/250822iyakuhinkyoukyu.xlsx
2025-08-25 15:54:00 [INFO]: [MAIN] ファイルの解析を開始します...
2025-08-25 15:54:02 [INFO]: [PARSER] データが入力されていない空の行を 180件削除しました。
2025-08-25 15:54:02 [INFO]: [PARSER] 重複チェック:重複したYJコードはありませんでした。
2025-08-25 15:54:02 [INFO]: [PARSER] YJコードが空のため、2件のデータを除外しました。
2025-08-25 15:54:02 [INFO]: [MAIN] 解析完了。処理対象データ: 16801件
2025-08-25 15:54:02 [INFO]: [MAIN] Spannerへのデータ投入処理を開始します...
2025-08-25 15:54:02 [INFO]: [SPANNAR] 処理タイムスタンプ: 2025-08-25T06:54:02.544Z
2025-08-25 15:54:02 [INFO]: [SPANNAR] 16801件のデータを投入します...
2025-08-25 15:54:06 [INFO]: [SPANNAR] データの投入が完了しました。
2025-08-25 15:54:06 [INFO]: [SPANNAR] 古いデータのクリーンアップを開始します...
2025-08-25 15:54:07 [INFO]: [SPANNAR] 0件の古いデータを削除しました。
2025-08-25 15:54:07 [INFO]: [SPANNAR] データベース接続を閉じました。
2025-08-25 15:54:07 [INFO]: --- 2025/8/25 15:54:07 バッチ処理が正常に完了しました ---
2025-08-25 15:55:00 [INFO]: スケジュールされたタスクを実行します...
2025-08-25 15:55:00 [INFO]: --- 2025/8/25 15:55:00 バッチ処理を開始します ---
2025-08-25 15:55:00 [INFO]: [MAIN]前営業日の日付を計算します...
2025-08-25 15:55:00 [INFO]: [MAIN] 2025年08月22日時点のファイルをダウンロードします: https://www.mhlw.go.jp/content/10800000/250822iyakuhinkyoukyu.xlsx
2025-08-25 15:55:00 [INFO]: [MAIN] ファイルの解析を開始します...
2025-08-25 15:55:01 [INFO]: [PARSER] データが入力されていない空の行を 180件削除しました。
2025-08-25 15:55:02 [INFO]: [PARSER] 重複チェック:重複したYJコードはありませんでした。
2025-08-25 15:55:02 [INFO]: [PARSER] YJコードが空のため、2件のデータを除外しました。
2025-08-25 15:55:02 [INFO]: [MAIN] 解析完了。処理対象データ: 16801件
2025-08-25 15:55:02 [INFO]: [MAIN] Spannerへのデータ投入処理を開始します...
2025-08-25 15:55:02 [INFO]: [SPANNAR] 処理タイムスタンプ: 2025-08-25T06:55:02.008Z
2025-08-25 15:55:02 [INFO]: [SPANNAR] 16801件のデータを投入します...
2025-08-25 15:55:04 [INFO]: [SPANNAR] データの投入が完了しました。
2025-08-25 15:55:04 [INFO]: [SPANNAR] 古いデータのクリーンアップを開始します...
2025-08-25 15:55:04 [INFO]: [SPANNAR] 0件の古いデータを削除しました。
2025-08-25 15:55:04 [INFO]: [SPANNAR] データベース接続を閉じました。
2025-08-25 15:55:04 [INFO]: --- 2025/8/25 15:55:04 バッチ処理が正常に完了しました ---
2025-08-25 15:56:00 [INFO]: スケジュールされたタスクを実行します...
2025-08-25 15:56:00 [INFO]: --- 2025/8/25 15:56:00 バッチ処理を開始します ---
2025-08-25 15:56:00 [INFO]: [MAIN]前営業日の日付を計算します...
2025-08-25 15:56:00 [INFO]: [MAIN] 2025年08月22日時点のファイルをダウンロードします: https://www.mhlw.go.jp/content/10800000/250822iyakuhinkyoukyu.xlsx
2025-08-25 15:56:00 [ERROR]: [MAIN] バッチ処理中に致命的なエラーが発生しました: Error: ネットワークエラー: 指定されたホストが見つかりません。URLを確認してください。 (https://www.mhlw.go.jp/content/10800000/250822iyakuhinkyoukyu.xlsx)
2025-08-25 15:56:00 [INFO]: --- 2025/8/25 15:56:00 バッチ処理が正常に完了しました ---
2025-08-25 15:57:00 [INFO]: スケジュールされたタスクを実行します...
2025-08-25 15:57:00 [INFO]: --- 2025/8/25 15:57:00 バッチ処理を開始します ---
2025-08-25 15:57:00 [INFO]: [MAIN]前営業日の日付を計算します...
2025-08-25 15:57:00 [INFO]: [MAIN] 2025年08月22日時点のファイルをダウンロードします: https://www.mhlw.go.jp/content/10800000/250822iyakuhinkyoukyu.xlsx
2025-08-25 15:57:00 [INFO]: [MAIN] ファイルの解析を開始します...
2025-08-25 15:57:02 [INFO]: [PARSER] データが入力されていない空の行を 180件削除しました。
2025-08-25 15:57:02 [INFO]: [PARSER] 重複チェック:重複したYJコードはありませんでした。
2025-08-25 15:57:02 [INFO]: [PARSER] YJコードが空のため、2件のデータを除外しました。
2025-08-25 15:57:02 [INFO]: [MAIN] 解析完了。処理対象データ: 16801件
2025-08-25 15:57:02 [INFO]: [MAIN] Spannerへのデータ投入処理を開始します...
2025-08-25 15:57:02 [INFO]: [SPANNAR] 処理タイムスタンプ: 2025-08-25T06:57:02.087Z
2025-08-25 15:57:02 [INFO]: [SPANNAR] 16801件のデータを投入します...
2025-08-25 15:57:05 [INFO]: [SPANNAR] データの投入が完了しました。
2025-08-25 15:57:05 [INFO]: [SPANNAR] 古いデータのクリーンアップを開始します...
2025-08-25 15:57:06 [INFO]: [SPANNAR] 0件の古いデータを削除しました。
2025-08-25 15:57:06 [INFO]: [SPANNAR] データベース接続を閉じました。
2025-08-25 15:57:06 [INFO]: --- 2025/8/25 15:57:06 バッチ処理が正常に完了しました ---
2025-08-25 15:58:00 [INFO]: スケジュールされたタスクを実行します...
2025-08-25 15:58:00 [INFO]: --- 2025/8/25 15:58:00 バッチ処理を開始します ---
2025-08-25 15:58:00 [INFO]: [MAIN]前営業日の日付を計算します...
2025-08-25 15:58:00 [INFO]: [MAIN] 2025年08月22日時点のファイルをダウンロードします: https://www.mhlw.go.jp/content/10800000/250822iyakuhinkyoukyu.xlsx
2025-08-25 15:58:00 [INFO]: [MAIN] ファイルの解析を開始します...
2025-08-25 15:58:02 [INFO]: [PARSER] データが入力されていない空の行を 180件削除しました。
2025-08-25 15:58:02 [INFO]: [PARSER] 重複チェック:重複したYJコードはありませんでした。
2025-08-25 15:58:02 [INFO]: [PARSER] YJコードが空のため、2件のデータを除外しました。
2025-08-25 15:58:02 [INFO]: [MAIN] 解析完了。処理対象データ: 16801件
2025-08-25 15:58:02 [INFO]: [MAIN] Spannerへのデータ投入処理を開始します...
2025-08-25 15:58:02 [INFO]: [SPANNAR] 処理タイムスタンプ: 2025-08-25T06:58:02.161Z
2025-08-25 15:58:02 [INFO]: [SPANNAR] 16801件のデータを投入します...
2025-08-25 15:58:06 [INFO]: [SPANNAR] データの投入が完了しました。
2025-08-25 15:58:06 [INFO]: [SPANNAR] 古いデータのクリーンアップを開始します...
2025-08-25 15:58:06 [INFO]: [SPANNAR] 0件の古いデータを削除しました。
2025-08-25 15:58:06 [INFO]: [SPANNAR] データベース接続を閉じました。
2025-08-25 15:58:06 [INFO]: --- 2025/8/25 15:58:06 バッチ処理が正常に完了しました ---
2025-08-25 16:25:34 [INFO]: バッチ処理のスケジュールを設定しました。1分ごとに実行されます...
2025-08-25 16:26:00 [INFO]: スケジュールされたタスクを実行します...
2025-08-25 16:26:00 [INFO]: --- 2025/8/25 16:26:00 バッチ処理を開始します ---
2025-08-25 16:26:00 [INFO]: [MAIN]前営業日の日付を計算します...
2025-08-25 16:26:00 [INFO]: [MAIN] 2025年08月22日時点のファイルをダウンロードします: https://www.mhlw.go.jp/content/10800000/250822iyakuhinkyoukyu.xlsx
2025-08-25 16:26:00 [INFO]: [MAIN] ファイルの解析を開始します...
2025-08-25 16:26:02 [INFO]: [PARSER] データが入力されていない空の行を 180件削除しました。
2025-08-25 16:26:02 [INFO]: [PARSER] 重複チェック:重複したYJコードはありませんでした。
2025-08-25 16:26:02 [INFO]: [PARSER] YJコードが空のため、2件のデータを除外しました。
2025-08-25 16:26:02 [INFO]: [MAIN] 解析完了。処理対象データ: 16801件
2025-08-25 16:26:02 [INFO]: [MAIN] Spannerへのデータ投入処理を開始します...
2025-08-25 16:26:02 [INFO]: [SPANNAR] 処理タイムスタンプ: 2025-08-25T07:26:02.517Z
2025-08-25 16:26:02 [INFO]: [SPANNAR] 16801件のデータを投入します...
2025-08-25 16:26:06 [INFO]: [SPANNAR] データの投入が完了しました。
2025-08-25 16:26:06 [INFO]: [SPANNAR] 古いデータのクリーンアップを開始します...
2025-08-25 16:26:06 [INFO]: [SPANNAR] 0件の古いデータを削除しました。
2025-08-25 16:26:06 [INFO]: [SPANNAR] データベース接続を閉じました。
2025-08-25 16:26:06 [INFO]: --- 2025/8/25 16:26:06 バッチ処理が正常に完了しました ---
2025-08-25 16:27:00 [INFO]: スケジュールされたタスクを実行します...
2025-08-25 16:27:00 [INFO]: --- 2025/8/25 16:27:00 バッチ処理を開始します ---
2025-08-25 16:27:00 [INFO]: [MAIN]前営業日の日付を計算します...
2025-08-25 16:27:00 [INFO]: [MAIN] 2025年08月22日時点のファイルをダウンロードします: https://www.mhlw.go.jp/content/10800000/250822iyakuhinkyoukyu.xlsx
2025-08-25 16:27:00 [ERROR]: [MAIN] バッチ処理中に致命的なエラーが発生しました: Error: ネットワークエラー: 指定されたホストが見つかりません。URLを確認してください。 (https://www.mhlw.go.jp/content/10800000/250822iyakuhinkyoukyu.xlsx)
    at run_batch_process (C:\Users\idegu\Documents\MedicineShippingConditions\src\index_fetch.ts:48:15)
    at processTicksAndRejections (node:internal/process/task_queues:105:5)
2025-08-25 16:27:00 [INFO]: --- 2025/8/25 16:27:00 バッチ処理が正常に完了しました ---
2025-08-25 16:28:00 [INFO]: スケジュールされたタスクを実行します...
2025-08-25 16:28:00 [INFO]: --- 2025/8/25 16:28:00 バッチ処理を開始します ---
2025-08-25 16:28:00 [INFO]: [MAIN]前営業日の日付を計算します...
2025-08-25 16:28:00 [INFO]: [MAIN] 2025年08月22日時点のファイルをダウンロードします: https://www.mhlw.go.jp/content/10800000/250822iyakuhinkyoukyu.xlsx
2025-08-25 16:28:00 [INFO]: [MAIN] ファイルの解析を開始します...
2025-08-25 16:28:02 [INFO]: [PARSER] データが入力されていない空の行を 180件削除しました。
2025-08-25 16:28:02 [INFO]: [PARSER] 重複チェック:重複したYJコードはありませんでした。
2025-08-25 16:28:02 [INFO]: [PARSER] YJコードが空のため、2件のデータを除外しました。
2025-08-25 16:28:02 [INFO]: [MAIN] 解析完了。処理対象データ: 16801件
2025-08-25 16:28:02 [INFO]: [MAIN] Spannerへのデータ投入処理を開始します...
2025-08-25 16:28:02 [INFO]: [SPANNAR] 処理タイムスタンプ: 2025-08-25T07:28:02.420Z
2025-08-25 16:28:02 [INFO]: [SPANNAR] 16801件のデータを投入します...
2025-08-25 16:28:04 [INFO]: [SPANNAR] データの投入が完了しました。
2025-08-25 16:28:04 [INFO]: [SPANNAR] 古いデータのクリーンアップを開始します...
2025-08-25 16:28:05 [INFO]: [SPANNAR] 0件の古いデータを削除しました。
2025-08-25 16:28:05 [INFO]: [SPANNAR] データベース接続を閉じました。
2025-08-25 16:28:05 [INFO]: --- 2025/8/25 16:28:05 バッチ処理が正常に完了しました ---
2025-08-25 16:30:29 [INFO]: バッチ処理のスケジュールを設定しました。1分ごとに実行されます...
2025-08-25 16:31:00 [INFO]: スケジュールされたタスクを実行します...
2025-08-25 16:31:00 [INFO]: --- 2025/8/25 16:31:00 バッチ処理を開始します ---
2025-08-25 16:31:00 [INFO]: [MAIN]前営業日の日付を計算します...
2025-08-25 16:31:00 [INFO]: [MAIN] 2025年08月22日時点のファイルをダウンロードします: https://www.mhlw.go.jp/content/10800000/250822iyakuhinkyoukyu.xlsx
2025-08-25 16:31:00 [INFO]: [MAIN] ファイルの解析を開始します...
2025-08-25 16:31:02 [INFO]: [PARSER] データが入力されていない空の行を 180件削除しました。
2025-08-25 16:31:02 [INFO]: [PARSER] 重複チェック:重複したYJコードはありませんでした。
2025-08-25 16:31:02 [INFO]: [PARSER] YJコードが空のため、2件のデータを除外しました。
2025-08-25 16:31:02 [INFO]: [MAIN] 解析完了。処理対象データ: 16801件
2025-08-25 16:31:02 [INFO]: [MAIN] Spannerへのデータ投入処理を開始します...
2025-08-25 16:31:02 [INFO]: [SPANNAR] 処理タイムスタンプ: 2025-08-25T07:31:02.333Z
2025-08-25 16:31:02 [INFO]: [SPANNAR] 16801件のデータを投入します...
2025-08-25 16:31:06 [INFO]: [SPANNAR] データの投入が完了しました。
2025-08-25 16:31:06 [INFO]: [SPANNAR] 古いデータのクリーンアップを開始します...
2025-08-25 16:31:07 [INFO]: [SPANNAR] 0件の古いデータを削除しました。
2025-08-25 16:31:07 [INFO]: [SPANNAR] データベース接続を閉じました。
2025-08-25 16:31:07 [INFO]: --- 2025/8/25 16:31:07 バッチ処理が正常に完了しました ---
2025-08-25 16:32:00 [INFO]: スケジュールされたタスクを実行します...
2025-08-25 16:32:00 [INFO]: --- 2025/8/25 16:32:00 バッチ処理を開始します ---
2025-08-25 16:32:00 [INFO]: [MAIN]前営業日の日付を計算します...
2025-08-25 16:32:00 [INFO]: [MAIN] 2025年08月22日時点のファイルをダウンロードします: https://www.mhlw.go.jp/content/10800000/250822iyakuhinkyoukyu.xlsx
2025-08-25 16:32:00 [ERROR]: [MAIN] バッチ処理中に致命的なエラーが発生しました: Error: ネットワークエラー: 指定されたホストが見つかりません。URLを確認してください。 (https://www.mhlw.go.jp/content/10800000/250822iyakuhinkyoukyu.xlsx)
    at run_batch_process (C:\Users\idegu\Documents\MedicineShippingConditions\src\index_fetch.ts:48:15)
    at processTicksAndRejections (node:internal/process/task_queues:105:5)
2025-08-25 16:32:00 [INFO]: --- 2025/8/25 16:32:00 バッチ処理が正常に完了しました ---
2025-08-25 16:33:00 [INFO]: スケジュールされたタスクを実行します...
2025-08-25 16:33:00 [INFO]: --- 2025/8/25 16:33:00 バッチ処理を開始します ---
2025-08-25 16:33:00 [INFO]: [MAIN]前営業日の日付を計算します...
2025-08-25 16:33:00 [INFO]: [MAIN] 2025年08月22日時点のファイルをダウンロードします: https://www.mhlw.go.jp/content/10800000/250822iyakuhinkyoukyu.xlsx
2025-08-25 16:33:00 [INFO]: [MAIN] ファイルの解析を開始します...
2025-08-25 16:33:02 [INFO]: [PARSER] データが入力されていない空の行を 180件削除しました。
2025-08-25 16:33:02 [INFO]: [PARSER] 重複チェック:重複したYJコードはありませんでした。
2025-08-25 16:33:02 [INFO]: [PARSER] YJコードが空のため、2件のデータを除外しました。
2025-08-25 16:33:02 [INFO]: [MAIN] 解析完了。処理対象データ: 16801件
2025-08-25 16:33:02 [INFO]: [MAIN] Spannerへのデータ投入処理を開始します...
2025-08-25 16:33:02 [INFO]: [SPANNAR] 処理タイムスタンプ: 2025-08-25T07:33:02.309Z
2025-08-25 16:33:02 [INFO]: [SPANNAR] 16801件のデータを投入します...
2025-08-25 16:33:04 [INFO]: [SPANNAR] データの投入が完了しました。
2025-08-25 16:33:04 [INFO]: [SPANNAR] 古いデータのクリーンアップを開始します...
2025-08-25 16:33:04 [INFO]: [SPANNAR] 0件の古いデータを削除しました。
2025-08-25 16:33:04 [INFO]: [SPANNAR] データベース接続を閉じました。
2025-08-25 16:33:04 [INFO]: --- 2025/8/25 16:33:04 バッチ処理が正常に完了しました ---
2025-08-25 17:13:37 [INFO]: バッチ処理のスケジュールを設定しました。1分ごとに実行されます...
2025-08-25 17:14:00 [INFO]: スケジュールされたタスクを実行します...
2025-08-25 17:14:00 [INFO]: --- 2025/8/25 17:14:00 バッチ処理を開始します ---
2025-08-25 17:14:00 [INFO]: [MAIN]前営業日の日付を計算します...
2025-08-25 17:14:00 [INFO]: [MAIN] 2025年08月22日時点のファイルをダウンロードします: https://www.mhlw.go.jp/content/10800000/250822iyakuhinkyoukyu.xlsx
2025-08-25 17:14:00 [INFO]: [MAIN] ファイルの解析を開始します...
2025-08-25 17:14:02 [INFO]: [PARSER] データが入力されていない空の行を 180件削除しました。
2025-08-25 17:14:02 [INFO]: [PARSER] 重複チェック:重複したYJコードはありませんでした。
2025-08-25 17:14:02 [INFO]: [PARSER] YJコードが空のため、2件のデータを除外しました。
2025-08-25 17:14:02 [INFO]: [MAIN] 解析完了。処理対象データ: 16801件
2025-08-25 17:14:02 [INFO]: [MAIN] Spannerへのデータ投入処理を開始します...
2025-08-25 17:14:02 [INFO]: [SPANNAR] 処理タイムスタンプ: 2025-08-25T08:14:02.413Z
2025-08-25 17:14:02 [INFO]: [SPANNAR] 16801件のデータを投入します...
2025-08-25 17:14:10 [INFO]: [SPANNAR] データの投入が完了しました。
2025-08-25 17:14:10 [INFO]: [SPANNAR] 古いデータのクリーンアップを開始します...
2025-08-25 17:14:11 [INFO]: [SPANNAR] 0件の古いデータを削除しました。
2025-08-25 17:14:11 [INFO]: [SPANNAR] データベース接続を閉じました。
2025-08-25 17:14:11 [INFO]: --- 2025/8/25 17:14:11 バッチ処理が正常に完了しました ---
2025-08-25 17:15:00 [INFO]: スケジュールされたタスクを実行します...
2025-08-25 17:15:00 [INFO]: --- 2025/8/25 17:15:00 バッチ処理を開始します ---
2025-08-25 17:15:00 [INFO]: [MAIN]前営業日の日付を計算します...
2025-08-25 17:15:00 [INFO]: [MAIN] 2025年08月22日時点のファイルをダウンロードします: https://www.mhlw.go.jp/content/10800000/250822iyakuhinkyoukyu.xlsx
2025-08-25 17:15:00 [INFO]: [MAIN] ファイルの解析を開始します...
2025-08-25 17:15:01 [INFO]: [PARSER] データが入力されていない空の行を 180件削除しました。
2025-08-25 17:15:02 [INFO]: [PARSER] 重複チェック:重複したYJコードはありませんでした。
2025-08-25 17:15:02 [INFO]: [PARSER] YJコードが空のため、2件のデータを除外しました。
2025-08-25 17:15:02 [INFO]: [MAIN] 解析完了。処理対象データ: 16801件
2025-08-25 17:15:02 [INFO]: [MAIN] Spannerへのデータ投入処理を開始します...
2025-08-25 17:15:02 [INFO]: [SPANNAR] 処理タイムスタンプ: 2025-08-25T08:15:02.021Z
2025-08-25 17:15:02 [INFO]: [SPANNAR] 16801件のデータを投入します...
2025-08-25 17:15:06 [INFO]: [SPANNAR] データの投入が完了しました。
2025-08-25 17:15:06 [INFO]: [SPANNAR] 古いデータのクリーンアップを開始します...
2025-08-25 17:15:07 [INFO]: [SPANNAR] 0件の古いデータを削除しました。
2025-08-25 17:15:07 [INFO]: [SPANNAR] データベース接続を閉じました。
2025-08-25 17:15:07 [INFO]: --- 2025/8/25 17:15:07 バッチ処理が正常に完了しました ---
2025-08-25 17:52:38 [INFO]: バッチ処理のスケジュールを設定しました。毎日8:00〜12:00まで5分おきに実行されます...
